0	1	mikroCPIC1618.exe -MSF -DBG -pP16F887 -DL -O11111114 -fo8 -N"D:\pc\OneDrive\OneDrive - Escuela Superior Politécnica del Litoral\ESPOL\6to Semestre PAO-2 2024\Embebidos\Talleres\Taller-1-PIC16F887---ATmega328P-Juego-de-adivinanza\PIC16F887\PIC16F887.mcppi" -SP"C:\Users\Public\Documents\Mikroelektronika\mikroC PRO for PIC\Defs\" -SP"C:\Users\Public\Documents\Mikroelektronika\mikroC PRO for PIC\Uses\P16\" -SP"D:\pc\OneDrive\OneDrive - Escuela Superior Politécnica del Litoral\ESPOL\6to Semestre PAO-2 2024\Embebidos\Talleres\Taller-1-PIC16F887---ATmega328P-Juego-de-adivinanza\PIC16F887\" -IP"C:\Users\Public\Documents\Mikroelektronika\mikroC PRO for PIC\Uses\P16\" "main.c" "__Lib_Math.mcl" "__Lib_MathDouble.mcl" "__Lib_System.mcl" "__Lib_Delays.mcl" "__Lib_Button.mcl" "__Lib_Sound.mcl"	 
hint: 0	1139	Available RAM: 352 [bytes], Available ROM: 8192 [bytes]	 
diagnostics: 0	122	Compilation Started	P16F887.c
diagnostics: 967	123	Compiled Successfully	P16F887.c
diagnostics: 0	122	Compilation Started	__Lib_Delays.c
diagnostics: 123	123	Compiled Successfully	__Lib_Delays.c
diagnostics: 0	122	Compilation Started	main.c
error: 56	315	Invalid expression	main.c
error: 55	402	; expected, but 'int' found	main.c
error: 56	424	'}' expected ';' found	main.c
error: 65	402	; expected, but '=' found	main.c
error: 65	393	'PORTD' Identifier redefined	main.c
error: 65	371	Specifier needed	main.c
error: 65	396	Invalid declarator expected'(' or identifier	main.c
error: 66	371	Specifier needed	main.c
error: 66	396	Invalid declarator expected'(' or identifier	main.c
error: 66	300	Syntax Error: ')' expected,  but '(' found	main.c
error: 66	396	Invalid declarator expected'(' or identifier	main.c
error: 66	396	Invalid declarator expected'(' or identifier	main.c
error: 66	396	Invalid declarator expected'(' or identifier	main.c
error: 66	393	'' Identifier redefined	main.c
error: 66	393	'' Identifier redefined	main.c
error: 66	393	'' Identifier redefined	main.c
error: 66	312	Internal error ''	main.c
error: 0	102	Finished (with errors): 26 oct. 2024, 07:09:00	PIC16F887.mcppi
